── Attaching packages ─────────────────────────────────────── tidyverse 1.3.1 ──
✓ ggplot2 3.3.5     ✓ purrr   0.3.4
✓ tibble  3.1.6     ✓ dplyr   1.0.7
✓ tidyr   1.1.3     ✓ stringr 1.4.0
✓ readr   2.0.1     ✓ forcats 0.5.1
── Conflicts ────────────────────────────────────────── tidyverse_conflicts() ──
x dplyr::between()   masks data.table::between()
x dplyr::filter()    masks stats::filter()
x dplyr::first()     masks data.table::first()
x dplyr::lag()       masks stats::lag()
x dplyr::last()      masks data.table::last()
x purrr::transpose() masks data.table::transpose()
`summarise()` has grouped output by 'sub_batch'. You can override using the `.groups` argument.
Joining, by = c("sub_batch", "compound")
Joining, by = c("batch", "sub_batch", "compound")












Execution halted
── Attaching packages ─────────────────────────────────────── tidyverse 1.3.1 ──
✓ ggplot2 3.3.5     ✓ purrr   0.3.4
✓ tibble  3.1.6     ✓ dplyr   1.0.7
✓ tidyr   1.1.3     ✓ stringr 1.4.0
✓ readr   2.0.1     ✓ forcats 0.5.1
── Conflicts ────────────────────────────────────────── tidyverse_conflicts() ──
x dplyr::between()   masks data.table::between()
x dplyr::filter()    masks stats::filter()
x dplyr::first()     masks data.table::first()
x dplyr::lag()       masks stats::lag()
x dplyr::last()      masks data.table::last()
x purrr::transpose() masks data.table::transpose()
`summarise()` has grouped output by 'sub_batch'. You can override using the `.groups` argument.
Joining, by = c("sub_batch", "compound")
Joining, by = c("batch", "sub_batch", "compound")
 
 -------------- 
 Done! 
 --------------
[1] "Done with data normalization and cleaning"
